0 info it worked if it ends with ok
1 verbose cli [ 'C:\\Program Files (x86)\\nodejs\\node.exe',
1 verbose cli   'C:\\Program Files (x86)\\nodejs\\node_modules\\npm\\bin\\npm-cli.js',
1 verbose cli   'run',
1 verbose cli   'start-webdriver' ]
2 info using npm@3.10.10
3 info using node@v6.11.1
4 verbose run-script [ 'prestart-webdriver',
4 verbose run-script   'start-webdriver',
4 verbose run-script   'poststart-webdriver' ]
5 info lifecycle M4.1_protractor@1.0.0~prestart-webdriver: M4.1_protractor@1.0.0
6 verbose lifecycle M4.1_protractor@1.0.0~prestart-webdriver: unsafe-perm in lifecycle true
7 verbose lifecycle M4.1_protractor@1.0.0~prestart-webdriver: PATH: C:\Program Files (x86)\nodejs\node_modules\npm\bin\node-gyp-bin;C:\Users\Sniazhana_Matskevich\Desktop\JS Mentoring\Module 4 - WebdriverJS - Basics\Demo 2 - Protractor\node_modules\.bin;C:\Python27\;C:\Python27\Scripts;C:\ProgramData\Oracle\Java\javapath;C:\WINDOWS\system32;C:\WINDOWS;C:\WINDOWS\System32\Wbem;C:\WINDOWS\System32\WindowsPowerShell\v1.0\;C:\Program Files\TortoiseSVN\bin;C:\Program Files (x86)\Skype\Phone\;C:\Program Files\Java\jdk1.8.0_121\bin;C:\Program Files (x86)\Windows Kits\10\Windows Performance Toolkit\;C:\Program Files\Microsoft SQL Server\130\Tools\Binn\;C:\Program Files\dotnet\;C:\curl\;C:\Program Files\Git\cmd;C:\webdriver\chromedriver;C:\Program Files (x86)\nodejs\;C:\maven\apache-maven-3.5.2-bin\bin;C:\Ruby23-x64\bin;C:\Users\Sniazhana_Matskevich\AppData\Local\Microsoft\WindowsApps;C:\Program Files (x86)\Microsoft VS Code\bin;C:\Users\Sniazhana_Matskevich\AppData\Local\atom\bin;C:\Program Files\wedriver;C:\Users\Sniazhana_Matskevich\AppData\Roaming\npm;C:\Users\Sniazhana_Matskevich\AppData\Local\Programs\Fiddler
8 verbose lifecycle M4.1_protractor@1.0.0~prestart-webdriver: CWD: C:\Users\Sniazhana_Matskevich\Desktop\JS Mentoring\Module 4 - WebdriverJS - Basics\Demo 2 - Protractor
9 silly lifecycle M4.1_protractor@1.0.0~prestart-webdriver: Args: [ '/d /s /c', 'webdriver-manager update' ]
10 silly lifecycle M4.1_protractor@1.0.0~prestart-webdriver: Returned: code: 0  signal: null
11 info lifecycle M4.1_protractor@1.0.0~start-webdriver: M4.1_protractor@1.0.0
12 verbose lifecycle M4.1_protractor@1.0.0~start-webdriver: unsafe-perm in lifecycle true
13 verbose lifecycle M4.1_protractor@1.0.0~start-webdriver: PATH: C:\Program Files (x86)\nodejs\node_modules\npm\bin\node-gyp-bin;C:\Users\Sniazhana_Matskevich\Desktop\JS Mentoring\Module 4 - WebdriverJS - Basics\Demo 2 - Protractor\node_modules\.bin;C:\Python27\;C:\Python27\Scripts;C:\ProgramData\Oracle\Java\javapath;C:\WINDOWS\system32;C:\WINDOWS;C:\WINDOWS\System32\Wbem;C:\WINDOWS\System32\WindowsPowerShell\v1.0\;C:\Program Files\TortoiseSVN\bin;C:\Program Files (x86)\Skype\Phone\;C:\Program Files\Java\jdk1.8.0_121\bin;C:\Program Files (x86)\Windows Kits\10\Windows Performance Toolkit\;C:\Program Files\Microsoft SQL Server\130\Tools\Binn\;C:\Program Files\dotnet\;C:\curl\;C:\Program Files\Git\cmd;C:\webdriver\chromedriver;C:\Program Files (x86)\nodejs\;C:\maven\apache-maven-3.5.2-bin\bin;C:\Ruby23-x64\bin;C:\Users\Sniazhana_Matskevich\AppData\Local\Microsoft\WindowsApps;C:\Program Files (x86)\Microsoft VS Code\bin;C:\Users\Sniazhana_Matskevich\AppData\Local\atom\bin;C:\Program Files\wedriver;C:\Users\Sniazhana_Matskevich\AppData\Roaming\npm;C:\Users\Sniazhana_Matskevich\AppData\Local\Programs\Fiddler
14 verbose lifecycle M4.1_protractor@1.0.0~start-webdriver: CWD: C:\Users\Sniazhana_Matskevich\Desktop\JS Mentoring\Module 4 - WebdriverJS - Basics\Demo 2 - Protractor
15 silly lifecycle M4.1_protractor@1.0.0~start-webdriver: Args: [ '/d /s /c', 'webdriver-manager start' ]
16 silly lifecycle M4.1_protractor@1.0.0~start-webdriver: Returned: code: 3221225786  signal: null
17 info lifecycle M4.1_protractor@1.0.0~start-webdriver: Failed to exec start-webdriver script
18 verbose stack Error: M4.1_protractor@1.0.0 start-webdriver: `webdriver-manager start`
18 verbose stack Exit status 3221225786
18 verbose stack     at EventEmitter.<anonymous> (C:\Program Files (x86)\nodejs\node_modules\npm\lib\utils\lifecycle.js:255:16)
18 verbose stack     at emitTwo (events.js:106:13)
18 verbose stack     at EventEmitter.emit (events.js:191:7)
18 verbose stack     at ChildProcess.<anonymous> (C:\Program Files (x86)\nodejs\node_modules\npm\lib\utils\spawn.js:40:14)
18 verbose stack     at emitTwo (events.js:106:13)
18 verbose stack     at ChildProcess.emit (events.js:191:7)
18 verbose stack     at maybeClose (internal/child_process.js:891:16)
18 verbose stack     at Process.ChildProcess._handle.onexit (internal/child_process.js:226:5)
19 verbose pkgid M4.1_protractor@1.0.0
20 verbose cwd C:\Users\Sniazhana_Matskevich\Desktop\JS Mentoring\Module 4 - WebdriverJS - Basics\Demo 2 - Protractor
21 error Windows_NT 10.0.14393
22 error argv "C:\\Program Files (x86)\\nodejs\\node.exe" "C:\\Program Files (x86)\\nodejs\\node_modules\\npm\\bin\\npm-cli.js" "run" "start-webdriver"
23 error node v6.11.1
24 error npm  v3.10.10
25 error code ELIFECYCLE
26 error M4.1_protractor@1.0.0 start-webdriver: `webdriver-manager start`
26 error Exit status 3221225786
27 error Failed at the M4.1_protractor@1.0.0 start-webdriver script 'webdriver-manager start'.
27 error Make sure you have the latest version of node.js and npm installed.
27 error If you do, this is most likely a problem with the M4.1_protractor package,
27 error not with npm itself.
27 error Tell the author that this fails on your system:
27 error     webdriver-manager start
27 error You can get information on how to open an issue for this project with:
27 error     npm bugs M4.1_protractor
27 error Or if that isn't available, you can get their info via:
27 error     npm owner ls M4.1_protractor
27 error There is likely additional logging output above.
28 verbose exit [ 1, true ]
